<?xml version="1.0" encoding="UTF-8"?>
<!-- Generated by org.testng.reporters.JUnitReportReporter -->
<testsuite hostname="DEVWKST037282" failures="0" tests="1" name="tests.TestTwo" time="9.225" errors="0" timestamp="2022-08-05T05:32:27 BST" skipped="0">
  <testcase classname="tests.TestTwo" name="testtwomethod" time="9.225"/>
  <system-out/>
</testsuite> <!-- tests.TestTwo -->
