<?xml version="1.0" encoding="UTF-8"?>
<!-- Generated by org.testng.reporters.JUnitReportReporter -->
<testsuite hostname="DEVWKST037282" failures="0" tests="1" name="tests.LoginTest" time="6.222" errors="0" timestamp="2022-08-04T00:49:33 BST" skipped="0">
  <testcase classname="tests.LoginTest" name="login" time="6.222"/>
  <system-out/>
</testsuite> <!-- tests.LoginTest -->
