<?xml version="1.0" encoding="UTF-8"?>
<!-- Generated by org.testng.reporters.JUnitReportReporter -->
<testsuite hostname="DEVWKST037282" failures="0" tests="2" name="tests.LoginTestDataDriven" time="31.759" errors="0" timestamp="2022-08-05T05:32:27 BST" skipped="0">
  <testcase classname="tests.LoginTestDataDriven" name="login" time="8.033"/>
  <system-out/>
  <testcase classname="tests.LoginTestDataDriven" name="login" time="23.726"/>
  <system-out/>
</testsuite> <!-- tests.LoginTestDataDriven -->
